Determining if the C compiler works failed with the following output:
Change Dir: C:/Users/user/Desktop/Учеба ин фактум/3 семестр/MEPhI_sem3_lab1/cmake-build-debug/CMakeFiles/CMakeTmp

Run Build Command(s):D:/Tools/MinGW/bin/mingw32-make.exe cmTC_0ebfd/fast && D:/Tools/MinGW/bin/mingw32-make.exe -f CMakeFiles\cmTC_0ebfd.dir\build.make CMakeFiles/cmTC_0ebfd.dir/build
mingw32-make.exe[1]: Entering directory 'C:/Users/user/Desktop/╙ўхср шэ ЇръЄєь/3 ёхьхёЄЁ/MEPhI_sem3_lab1/cmake-build-debug/CMakeFiles/CMakeTmp'
Building C object CMakeFiles/cmTC_0ebfd.dir/testCCompiler.c.obj
D:\Tools\MinGW\bin\gcc.exe    -o CMakeFiles\cmTC_0ebfd.dir\testCCompiler.c.obj   -c "C:\Users\user\Desktop\╨г╤З╨╡╨▒╨░ ╨╕╨╜ ╤Д╨░╨║╤В╤Г╨╝\3 ╤Б╨╡╨╝╨╡╤Б╤В╤А\MEPhI_sem3_lab1\cmake-build-debug\CMakeFiles\CMakeTmp\testCCompiler.c"
gcc.exe: error: C:\Users\user\Desktop\жуT╟жжж-ж- жмж- T─ж-жжT┬T├ж-\3 T┴жжж-жжT┴T┬T└\MEPhI_sem3_lab1\cmake-build-debug\CMakeFiles\CMakeTmp\testCCompiler.c: No such file or directory
gcc.exe: fatal error: no input files
compilation terminated.
CMakeFiles\cmTC_0ebfd.dir\build.make:64: recipe for target 'CMakeFiles/cmTC_0ebfd.dir/testCCompiler.c.obj' failed
mingw32-make.exe[1]: *** [CMakeFiles/cmTC_0ebfd.dir/testCCompiler.c.obj] Error 1
mingw32-make.exe[1]: Leaving directory 'C:/Users/user/Desktop/╙ўхср шэ ЇръЄєь/3 ёхьхёЄЁ/MEPhI_sem3_lab1/cmake-build-debug/CMakeFiles/CMakeTmp'
Makefile:120: recipe for target 'cmTC_0ebfd/fast' failed
mingw32-make.exe: *** [cmTC_0ebfd/fast] Error 2



Determining if the C compiler works failed with the following output:
Change Dir: C:/Users/user/Desktop/Учеба ин фактум/3 семестр/MEPhI_sem3_lab1/cmake-build-debug/CMakeFiles/CMakeTmp

Run Build Command(s):D:/Tools/MinGW/bin/mingw32-make.exe cmTC_d3cff/fast && D:/Tools/MinGW/bin/mingw32-make.exe -f CMakeFiles\cmTC_d3cff.dir\build.make CMakeFiles/cmTC_d3cff.dir/build
mingw32-make.exe[1]: Entering directory 'C:/Users/user/Desktop/╙ўхср шэ ЇръЄєь/3 ёхьхёЄЁ/MEPhI_sem3_lab1/cmake-build-debug/CMakeFiles/CMakeTmp'
Building C object CMakeFiles/cmTC_d3cff.dir/testCCompiler.c.obj
D:\Tools\MinGW\bin\gcc.exe    -o CMakeFiles\cmTC_d3cff.dir\testCCompiler.c.obj   -c "C:\Users\user\Desktop\╨г╤З╨╡╨▒╨░ ╨╕╨╜ ╤Д╨░╨║╤В╤Г╨╝\3 ╤Б╨╡╨╝╨╡╤Б╤В╤А\MEPhI_sem3_lab1\cmake-build-debug\CMakeFiles\CMakeTmp\testCCompiler.c"
gcc.exe: error: C:\Users\user\Desktop\жуT╟жжж-ж- жмж- T─ж-жжT┬T├ж-\3 T┴жжж-жжT┴T┬T└\MEPhI_sem3_lab1\cmake-build-debug\CMakeFiles\CMakeTmp\testCCompiler.c: No such file or directory
gcc.exe: fatal error: no input files
compilation terminated.
CMakeFiles\cmTC_d3cff.dir\build.make:64: recipe for target 'CMakeFiles/cmTC_d3cff.dir/testCCompiler.c.obj' failed
mingw32-make.exe[1]: *** [CMakeFiles/cmTC_d3cff.dir/testCCompiler.c.obj] Error 1
mingw32-make.exe[1]: Leaving directory 'C:/Users/user/Desktop/╙ўхср шэ ЇръЄєь/3 ёхьхёЄЁ/MEPhI_sem3_lab1/cmake-build-debug/CMakeFiles/CMakeTmp'
Makefile:120: recipe for target 'cmTC_d3cff/fast' failed
mingw32-make.exe: *** [cmTC_d3cff/fast] Error 2



